{"error":"socket hang up","level":"error","message":"Website monitoring failed for Web Agency Milano","service":"competitors-analysis-agent","timestamp":"2025-08-07 16:17:10"}
{"error":"socket hang up","level":"error","message":"Website monitoring failed for Digital Studio Roma","service":"competitors-analysis-agent","timestamp":"2025-08-07 16:17:13"}
{"error":"Failed to launch the browser process!\n[16387:259:0807/161715.221864:ERROR:policy_logger.cc(156)] :components/enterprise/browser/controller/chrome_browser_cloud_management_controller.cc(161) Cloud management controller initialization aborted as CBCM is not enabled. Please use the `--enable-chrome-browser-cloud-management` command line flag to enable it if you are not using the official Google Chrome build.\n[0807/161715.538724:WARNING:in_range_cast.h(38)] value -634136515 out of range\n[0807/161715.550820:WARNING:crash_report_exception_handler.cc(235)] UniversalExceptionRaise: (os/kern) failure (5)\n\n\nTROUBLESHOOTING: https://pptr.dev/troubleshooting\n","level":"error","message":"Website monitoring failed for Tech Solutions Napoli","service":"competitors-analysis-agent","stack":"Error: Failed to launch the browser process!\n[16387:259:0807/161715.221864:ERROR:policy_logger.cc(156)] :components/enterprise/browser/controller/chrome_browser_cloud_management_controller.cc(161) Cloud management controller initialization aborted as CBCM is not enabled. Please use the `--enable-chrome-browser-cloud-management` command line flag to enable it if you are not using the official Google Chrome build.\n[0807/161715.538724:WARNING:in_range_cast.h(38)] value -634136515 out of range\n[0807/161715.550820:WARNING:crash_report_exception_handler.cc(235)] UniversalExceptionRaise: (os/kern) failure (5)\n\n\nTROUBLESHOOTING: https://pptr.dev/troubleshooting\n\n    at ChildProcess.onClose (/Users/hajar/competitors-analysis-agent/node_modules/@puppeteer/browsers/lib/cjs/launch.js:267:24)\n    at ChildProcess.emit (node:events:530:35)\n    at ChildProcess._handle.onexit (node:internal/child_process:294:12)","timestamp":"2025-08-07 16:17:15"}
{"error":"nodemailer.createTransporter is not a function","level":"error","message":"Failed to send email report","service":"competitors-analysis-agent","stack":"TypeError: nodemailer.createTransporter is not a function\n    at CompetitorsAnalysisAgent.sendEmailReport (/Users/hajar/competitors-analysis-agent/src/index.js:261:38)\n    at CompetitorsAnalysisAgent.runAnalysis (/Users/hajar/competitors-analysis-agent/src/index.js:224:20)\n    at async /Users/hajar/competitors-analysis-agent/src/index.js:100:24","timestamp":"2025-08-07 16:17:20"}
{"error":"socket hang up","level":"error","message":"Website monitoring failed for Web Agency Milano","service":"competitors-analysis-agent","timestamp":"2025-08-07 16:19:03"}
{"error":"socket hang up","level":"error","message":"Website monitoring failed for Digital Studio Roma","service":"competitors-analysis-agent","timestamp":"2025-08-07 16:19:05"}
{"error":"socket hang up","level":"error","message":"Website monitoring failed for Tech Solutions Napoli","service":"competitors-analysis-agent","timestamp":"2025-08-07 16:19:08"}
{"error":"socket hang up","level":"error","message":"Website monitoring failed for Web Agency Milano","service":"competitors-analysis-agent","timestamp":"2025-08-07 16:19:34"}
{"error":"socket hang up","level":"error","message":"Website monitoring failed for Digital Studio Roma","service":"competitors-analysis-agent","timestamp":"2025-08-07 16:19:37"}
{"error":"socket hang up","level":"error","message":"Website monitoring failed for Tech Solutions Napoli","service":"competitors-analysis-agent","timestamp":"2025-08-07 16:19:39"}
{"error":"socket hang up","level":"error","message":"Website monitoring failed for Web Agency Milano","service":"competitors-analysis-agent","timestamp":"2025-08-07 16:21:17"}
{"error":"socket hang up","level":"error","message":"Website monitoring failed for Digital Studio Roma","service":"competitors-analysis-agent","timestamp":"2025-08-07 16:21:19"}
{"error":"socket hang up","level":"error","message":"Website monitoring failed for Tech Solutions Napoli","service":"competitors-analysis-agent","timestamp":"2025-08-07 16:21:22"}
{"error":"socket hang up","level":"error","message":"Website monitoring failed for Web Agency Milano","service":"competitors-analysis-agent","timestamp":"2025-08-07 16:41:54"}
{"error":"socket hang up","level":"error","message":"Website monitoring failed for Digital Studio Roma","service":"competitors-analysis-agent","timestamp":"2025-08-07 16:41:56"}
{"error":"socket hang up","level":"error","message":"Website monitoring failed for Tech Solutions Napoli","service":"competitors-analysis-agent","timestamp":"2025-08-07 16:41:59"}
{"error":"socket hang up","level":"error","message":"Website monitoring failed for Web Agency Milano","service":"competitors-analysis-agent","timestamp":"2025-08-07 17:32:44"}
{"error":"socket hang up","level":"error","message":"Website monitoring failed for Digital Studio Roma","service":"competitors-analysis-agent","timestamp":"2025-08-07 17:32:47"}
{"error":"socket hang up","level":"error","message":"Website monitoring failed for Tech Solutions Napoli","service":"competitors-analysis-agent","timestamp":"2025-08-07 17:32:49"}
{"error":"socket hang up","level":"error","message":"Website monitoring failed for Web Agency Milano","service":"competitors-analysis-agent","timestamp":"2025-08-08 08:51:09"}
{"error":"socket hang up","level":"error","message":"Website monitoring failed for Digital Studio Roma","service":"competitors-analysis-agent","timestamp":"2025-08-08 08:51:12"}
{"error":"socket hang up","level":"error","message":"Website monitoring failed for Tech Solutions Napoli","service":"competitors-analysis-agent","timestamp":"2025-08-08 08:51:15"}
